[35m[1mConsolidate compiler generated dependencies of target main_node[0m
[ 16%] [32mBuilding CXX object CMakeFiles/main_node.dir/src/main_node.cpp.o[0m
[ 33%] [32mBuilding CXX object CMakeFiles/main_node.dir/src/doppler_icp_stitcher.cpp.o[0m
[ 50%] [32m[1mLinking CXX executable main_node[0m
[100%] Built target main_node
-- Install configuration: ""
-- Installing: /home/farness/ws_dicp_cpp/install/farness_dicp_cpp/lib/farness_dicp_cpp/main_node
-- Set runtime path of "/home/farness/ws_dicp_cpp/install/farness_dicp_cpp/lib/farness_dicp_cpp/main_node" to ""
-- Up-to-date: /home/farness/ws_dicp_cpp/install/farness_dicp_cpp/include/
-- Up-to-date: /home/farness/ws_dicp_cpp/install/farness_dicp_cpp/include//farness_dicp_cpp
-- Up-to-date: /home/farness/ws_dicp_cpp/install/farness_dicp_cpp/include//farness_dicp_cpp/math_utils.hpp
-- Up-to-date: /home/farness/ws_dicp_cpp/install/farness_dicp_cpp/include//farness_dicp_cpp/doppler_icp_solver.hpp
-- Up-to-date: /home/farness/ws_dicp_cpp/install/farness_dicp_cpp/include//farness_dicp_cpp/pointcloud_loader.hpp
-- Installing: /home/farness/ws_dicp_cpp/install/farness_dicp_cpp/include//farness_dicp_cpp/doppler_icp_stitcher.hpp
-- Up-to-date: /home/farness/ws_dicp_cpp/install/farness_dicp_cpp/share/farness_dicp_cpp/launch
-- Up-to-date: /home/farness/ws_dicp_cpp/install/farness_dicp_cpp/share/farness_dicp_cpp/launch/dicp_stitcher.launch.py
-- Installing: /home/farness/ws_dicp_cpp/install/farness_dicp_cpp/share/farness_dicp_cpp/config/dicp_params.yaml
-- Up-to-date: /home/farness/ws_dicp_cpp/install/farness_dicp_cpp/share/ament_index/resource_index/package_run_dependencies/farness_dicp_cpp
-- Up-to-date: /home/farness/ws_dicp_cpp/install/farness_dicp_cpp/share/ament_index/resource_index/parent_prefix_path/farness_dicp_cpp
-- Up-to-date: /home/farness/ws_dicp_cpp/install/farness_dicp_cpp/share/farness_dicp_cpp/environment/ament_prefix_path.sh
-- Up-to-date: /home/farness/ws_dicp_cpp/install/farness_dicp_cpp/share/farness_dicp_cpp/environment/ament_prefix_path.dsv
-- Up-to-date: /home/farness/ws_dicp_cpp/install/farness_dicp_cpp/share/farness_dicp_cpp/environment/path.sh
-- Up-to-date: /home/farness/ws_dicp_cpp/install/farness_dicp_cpp/share/farness_dicp_cpp/environment/path.dsv
-- Up-to-date: /home/farness/ws_dicp_cpp/install/farness_dicp_cpp/share/farness_dicp_cpp/local_setup.bash
-- Up-to-date: /home/farness/ws_dicp_cpp/install/farness_dicp_cpp/share/farness_dicp_cpp/local_setup.sh
-- Up-to-date: /home/farness/ws_dicp_cpp/install/farness_dicp_cpp/share/farness_dicp_cpp/local_setup.zsh
-- Up-to-date: /home/farness/ws_dicp_cpp/install/farness_dicp_cpp/share/farness_dicp_cpp/local_setup.dsv
-- Installing: /home/farness/ws_dicp_cpp/install/farness_dicp_cpp/share/farness_dicp_cpp/package.dsv
-- Up-to-date: /home/farness/ws_dicp_cpp/install/farness_dicp_cpp/share/ament_index/resource_index/packages/farness_dicp_cpp
-- Up-to-date: /home/farness/ws_dicp_cpp/install/farness_dicp_cpp/share/farness_dicp_cpp/cmake/farness_dicp_cppConfig.cmake
-- Up-to-date: /home/farness/ws_dicp_cpp/install/farness_dicp_cpp/share/farness_dicp_cpp/cmake/farness_dicp_cppConfig-version.cmake
-- Up-to-date: /home/farness/ws_dicp_cpp/install/farness_dicp_cpp/share/farness_dicp_cpp/package.xml
