[0.008s] Invoking command in '/home/farness/ws_dicp_cpp/build/farness_dicp_cpp': CMAKE_PREFIX_PATH=${CMAKE_PREFIX_PATH}:/home/farness/ws_new/install/lidar_frame_stitching:/home/farness/ws_new/install/farness_dicp:/opt/ros/humble /usr/bin/cmake --build /home/farness/ws_dicp_cpp/build/farness_dicp_cpp -- -j16 -l16
[0.062s] [35m[1mConsolidate compiler generated dependencies of target main_node[0m
[0.088s] [ 16%] [32mBuilding CXX object CMakeFiles/main_node.dir/src/doppler_icp_solver.cpp.o[0m
[5.130s] [ 33%] [32m[1mLinking CXX executable main_node[0m
[6.658s] [100%] Built target main_node
[6.668s] Invoked command in '/home/farness/ws_dicp_cpp/build/farness_dicp_cpp' returned '0': CMAKE_PREFIX_PATH=${CMAKE_PREFIX_PATH}:/home/farness/ws_new/install/lidar_frame_stitching:/home/farness/ws_new/install/farness_dicp:/opt/ros/humble /usr/bin/cmake --build /home/farness/ws_dicp_cpp/build/farness_dicp_cpp -- -j16 -l16
[6.678s] Invoking command in '/home/farness/ws_dicp_cpp/build/farness_dicp_cpp': CMAKE_PREFIX_PATH=${CMAKE_PREFIX_PATH}:/home/farness/ws_new/install/lidar_frame_stitching:/home/farness/ws_new/install/farness_dicp:/opt/ros/humble /usr/bin/cmake --install /home/farness/ws_dicp_cpp/build/farness_dicp_cpp
[6.686s] -- Install configuration: ""
[6.687s] -- Installing: /home/farness/ws_dicp_cpp/install/farness_dicp_cpp/lib/farness_dicp_cpp/main_node
[6.697s] -- Set runtime path of "/home/farness/ws_dicp_cpp/install/farness_dicp_cpp/lib/farness_dicp_cpp/main_node" to ""
[6.697s] -- Up-to-date: /home/farness/ws_dicp_cpp/install/farness_dicp_cpp/include/
[6.697s] -- Up-to-date: /home/farness/ws_dicp_cpp/install/farness_dicp_cpp/include//farness_dicp_cpp
[6.697s] -- Up-to-date: /home/farness/ws_dicp_cpp/install/farness_dicp_cpp/include//farness_dicp_cpp/math_utils.hpp
[6.698s] -- Up-to-date: /home/farness/ws_dicp_cpp/install/farness_dicp_cpp/include//farness_dicp_cpp/doppler_icp_solver.hpp
[6.698s] -- Installing: /home/farness/ws_dicp_cpp/install/farness_dicp_cpp/include//farness_dicp_cpp/pointcloud_loader.hpp
[6.698s] -- Installing: /home/farness/ws_dicp_cpp/install/farness_dicp_cpp/include//farness_dicp_cpp/doppler_icp_stitcher.hpp
[6.698s] -- Up-to-date: /home/farness/ws_dicp_cpp/install/farness_dicp_cpp/share/farness_dicp_cpp/launch
[6.698s] -- Up-to-date: /home/farness/ws_dicp_cpp/install/farness_dicp_cpp/share/farness_dicp_cpp/launch/dicp_stitcher.launch.py
[6.698s] -- Installing: /home/farness/ws_dicp_cpp/install/farness_dicp_cpp/share/farness_dicp_cpp/config/dicp_params.yaml
[6.698s] -- Up-to-date: /home/farness/ws_dicp_cpp/install/farness_dicp_cpp/share/ament_index/resource_index/package_run_dependencies/farness_dicp_cpp
[6.698s] -- Up-to-date: /home/farness/ws_dicp_cpp/install/farness_dicp_cpp/share/ament_index/resource_index/parent_prefix_path/farness_dicp_cpp
[6.698s] -- Up-to-date: /home/farness/ws_dicp_cpp/install/farness_dicp_cpp/share/farness_dicp_cpp/environment/ament_prefix_path.sh
[6.698s] -- Up-to-date: /home/farness/ws_dicp_cpp/install/farness_dicp_cpp/share/farness_dicp_cpp/environment/ament_prefix_path.dsv
[6.698s] -- Up-to-date: /home/farness/ws_dicp_cpp/install/farness_dicp_cpp/share/farness_dicp_cpp/environment/path.sh
[6.698s] -- Up-to-date: /home/farness/ws_dicp_cpp/install/farness_dicp_cpp/share/farness_dicp_cpp/environment/path.dsv
[6.698s] -- Up-to-date: /home/farness/ws_dicp_cpp/install/farness_dicp_cpp/share/farness_dicp_cpp/local_setup.bash
[6.698s] -- Up-to-date: /home/farness/ws_dicp_cpp/install/farness_dicp_cpp/share/farness_dicp_cpp/local_setup.sh
[6.698s] -- Up-to-date: /home/farness/ws_dicp_cpp/install/farness_dicp_cpp/share/farness_dicp_cpp/local_setup.zsh
[6.698s] -- Up-to-date: /home/farness/ws_dicp_cpp/install/farness_dicp_cpp/share/farness_dicp_cpp/local_setup.dsv
[6.698s] -- Installing: /home/farness/ws_dicp_cpp/install/farness_dicp_cpp/share/farness_dicp_cpp/package.dsv
[6.698s] -- Up-to-date: /home/farness/ws_dicp_cpp/install/farness_dicp_cpp/share/ament_index/resource_index/packages/farness_dicp_cpp
[6.698s] -- Up-to-date: /home/farness/ws_dicp_cpp/install/farness_dicp_cpp/share/farness_dicp_cpp/cmake/farness_dicp_cppConfig.cmake
[6.698s] -- Up-to-date: /home/farness/ws_dicp_cpp/install/farness_dicp_cpp/share/farness_dicp_cpp/cmake/farness_dicp_cppConfig-version.cmake
[6.698s] -- Up-to-date: /home/farness/ws_dicp_cpp/install/farness_dicp_cpp/share/farness_dicp_cpp/package.xml
[6.700s] Invoked command in '/home/farness/ws_dicp_cpp/build/farness_dicp_cpp' returned '0': CMAKE_PREFIX_PATH=${CMAKE_PREFIX_PATH}:/home/farness/ws_new/install/lidar_frame_stitching:/home/farness/ws_new/install/farness_dicp:/opt/ros/humble /usr/bin/cmake --install /home/farness/ws_dicp_cpp/build/farness_dicp_cpp
