[0.011s] Invoking command in '/home/farness/ws_dicp_cpp/build/farness_dicp_cpp': CMAKE_PREFIX_PATH=${CMAKE_PREFIX_PATH}:/home/farness/ws_new/install/lidar_frame_stitching:/home/farness/ws_new/install/farness_dicp:/opt/ros/humble /usr/bin/cmake --build /home/farness/ws_dicp_cpp/build/farness_dicp_cpp -- -j16 -l16
[0.066s] [35m[1mConsolidate compiler generated dependencies of target main_node[0m
[0.096s] [ 16%] [32mBuilding CXX object CMakeFiles/main_node.dir/src/doppler_icp_stitcher.cpp.o[0m
[15.600s] [ 33%] [32m[1mLinking CXX executable main_node[0m
[17.151s] [100%] Built target main_node
[17.163s] Invoked command in '/home/farness/ws_dicp_cpp/build/farness_dicp_cpp' returned '0': CMAKE_PREFIX_PATH=${CMAKE_PREFIX_PATH}:/home/farness/ws_new/install/lidar_frame_stitching:/home/farness/ws_new/install/farness_dicp:/opt/ros/humble /usr/bin/cmake --build /home/farness/ws_dicp_cpp/build/farness_dicp_cpp -- -j16 -l16
[17.186s] Invoking command in '/home/farness/ws_dicp_cpp/build/farness_dicp_cpp': CMAKE_PREFIX_PATH=${CMAKE_PREFIX_PATH}:/home/farness/ws_new/install/lidar_frame_stitching:/home/farness/ws_new/install/farness_dicp:/opt/ros/humble /usr/bin/cmake --install /home/farness/ws_dicp_cpp/build/farness_dicp_cpp
[17.199s] -- Install configuration: ""
[17.199s] -- Installing: /home/farness/ws_dicp_cpp/install/farness_dicp_cpp/lib/farness_dicp_cpp/main_node
[17.214s] -- Set runtime path of "/home/farness/ws_dicp_cpp/install/farness_dicp_cpp/lib/farness_dicp_cpp/main_node" to ""
[17.214s] -- Up-to-date: /home/farness/ws_dicp_cpp/install/farness_dicp_cpp/include/
[17.214s] -- Up-to-date: /home/farness/ws_dicp_cpp/install/farness_dicp_cpp/include//farness_dicp_cpp
[17.214s] -- Up-to-date: /home/farness/ws_dicp_cpp/install/farness_dicp_cpp/include//farness_dicp_cpp/math_utils.hpp
[17.214s] -- Up-to-date: /home/farness/ws_dicp_cpp/install/farness_dicp_cpp/include//farness_dicp_cpp/doppler_icp_solver.hpp
[17.214s] -- Up-to-date: /home/farness/ws_dicp_cpp/install/farness_dicp_cpp/include//farness_dicp_cpp/pointcloud_loader.hpp
[17.214s] -- Up-to-date: /home/farness/ws_dicp_cpp/install/farness_dicp_cpp/include//farness_dicp_cpp/doppler_icp_stitcher.hpp
[17.214s] -- Up-to-date: /home/farness/ws_dicp_cpp/install/farness_dicp_cpp/share/farness_dicp_cpp/launch
[17.214s] -- Up-to-date: /home/farness/ws_dicp_cpp/install/farness_dicp_cpp/share/farness_dicp_cpp/launch/dicp_stitcher.launch.py
[17.214s] -- Installing: /home/farness/ws_dicp_cpp/install/farness_dicp_cpp/share/farness_dicp_cpp/config/dicp_params.yaml
[17.214s] -- Up-to-date: /home/farness/ws_dicp_cpp/install/farness_dicp_cpp/share/ament_index/resource_index/package_run_dependencies/farness_dicp_cpp
[17.215s] -- Up-to-date: /home/farness/ws_dicp_cpp/install/farness_dicp_cpp/share/ament_index/resource_index/parent_prefix_path/farness_dicp_cpp
[17.215s] -- Up-to-date: /home/farness/ws_dicp_cpp/install/farness_dicp_cpp/share/farness_dicp_cpp/environment/ament_prefix_path.sh
[17.215s] -- Up-to-date: /home/farness/ws_dicp_cpp/install/farness_dicp_cpp/share/farness_dicp_cpp/environment/ament_prefix_path.dsv
[17.215s] -- Up-to-date: /home/farness/ws_dicp_cpp/install/farness_dicp_cpp/share/farness_dicp_cpp/environment/path.sh
[17.215s] -- Up-to-date: /home/farness/ws_dicp_cpp/install/farness_dicp_cpp/share/farness_dicp_cpp/environment/path.dsv
[17.215s] -- Up-to-date: /home/farness/ws_dicp_cpp/install/farness_dicp_cpp/share/farness_dicp_cpp/local_setup.bash
[17.215s] -- Up-to-date: /home/farness/ws_dicp_cpp/install/farness_dicp_cpp/share/farness_dicp_cpp/local_setup.sh
[17.215s] -- Up-to-date: /home/farness/ws_dicp_cpp/install/farness_dicp_cpp/share/farness_dicp_cpp/local_setup.zsh
[17.215s] -- Up-to-date: /home/farness/ws_dicp_cpp/install/farness_dicp_cpp/share/farness_dicp_cpp/local_setup.dsv
[17.215s] -- Installing: /home/farness/ws_dicp_cpp/install/farness_dicp_cpp/share/farness_dicp_cpp/package.dsv
[17.215s] -- Up-to-date: /home/farness/ws_dicp_cpp/install/farness_dicp_cpp/share/ament_index/resource_index/packages/farness_dicp_cpp
[17.215s] -- Up-to-date: /home/farness/ws_dicp_cpp/install/farness_dicp_cpp/share/farness_dicp_cpp/cmake/farness_dicp_cppConfig.cmake
[17.215s] -- Up-to-date: /home/farness/ws_dicp_cpp/install/farness_dicp_cpp/share/farness_dicp_cpp/cmake/farness_dicp_cppConfig-version.cmake
[17.215s] -- Up-to-date: /home/farness/ws_dicp_cpp/install/farness_dicp_cpp/share/farness_dicp_cpp/package.xml
[17.216s] Invoked command in '/home/farness/ws_dicp_cpp/build/farness_dicp_cpp' returned '0': CMAKE_PREFIX_PATH=${CMAKE_PREFIX_PATH}:/home/farness/ws_new/install/lidar_frame_stitching:/home/farness/ws_new/install/farness_dicp:/opt/ros/humble /usr/bin/cmake --install /home/farness/ws_dicp_cpp/build/farness_dicp_cpp
